<?xml version="1.0" encoding="UTF-8"?>
<!-- Generated by org.testng.reporters.JUnitXMLReporter -->
<testsuite ignored="0" hostname="DESKTOP-EF41TVR" failures="2" tests="2" name="Default test" time="427.122" errors="0" timestamp="2026-05-15T10:53:18 IST">
  <testcase classname="io.cucumber.testng.AbstractTestNGCucumberTests" name="runScenario" time="394.096">
    <failure type="org.openqa.selenium.ElementClickInterceptedException" message="element click intercepted: Element is not clickable at point (722, 680)
  (Session info: chrome=148.0.7778.96)
Build info: version: &amp;apos;4.27.0&amp;apos;, revision: &amp;apos;d6e718d134&amp;apos;
System info: os.name: &amp;apos;Windows 10&amp;apos;, os.arch: &amp;apos;amd64&amp;apos;, os.version: &amp;apos;10.0&amp;apos;, java.version: &amp;apos;22.0.2&amp;apos;
Driver info: org.openqa.selenium.chrome.ChromeDriver
Command: [411738faf1805dae85f2f10dc7faf902, clickElement {id=f.A3C5985558E4B31044D548E24C10641C.d.7D3809185ED8F9FE9BBC96943D3B9B4F.e.8}]
Capabilities {acceptInsecureCerts: false, browserName: chrome, browserVersion: 148.0.7778.96, chrome: {chromedriverVersion: 147.0.7727.117 (474cc805edd..., userDataDir: C:\Users\aj\AppData\Local\T...}, fedcm:accounts: true, goog:chromeOptions: {debuggerAddress: localhost:58365}, goog:processID: 18640, networkConnectionEnabled: false, pageLoadStrategy: normal, platformName: windows, proxy: Proxy(), se:cdp: ws://localhost:58365/devtoo..., se:cdpVersion: 148.0.7778.96, setWindowRect: true, strictFileInteractability: false, timeouts: {implicit: 0, pageLoad: 300000, script: 30000}, unhandledPromptBehavior: dismiss and notify, webauthn:extension:credBlob: true, webauthn:extension:largeBlob: true, webauthn:extension:minPinLength: true, webauthn:extension:prf: true, webauthn:virtualAuthenticators: true}
Element: [[ChromeDriver: chrome on windows (411738faf1805dae85f2f10dc7faf902)] -&amp;gt; id: submit-login]
Session ID: 411738faf1805dae85f2f10dc7faf902">
      <![CDATA[org.openqa.selenium.ElementClickInterceptedException: element click intercepted: Element is not clickable at point (722, 680)
  (Session info: chrome=148.0.7778.96)
Build info: version: '4.27.0', revision: 'd6e718d134'
System info: os.name: 'Windows 10', os.arch: 'amd64', os.version: '10.0', java.version: '22.0.2'
Driver info: org.openqa.selenium.chrome.ChromeDriver
Command: [411738faf1805dae85f2f10dc7faf902, clickElement {id=f.A3C5985558E4B31044D548E24C10641C.d.7D3809185ED8F9FE9BBC96943D3B9B4F.e.8}]
Capabilities {acceptInsecureCerts: false, browserName: chrome, browserVersion: 148.0.7778.96, chrome: {chromedriverVersion: 147.0.7727.117 (474cc805edd..., userDataDir: C:\Users\aj\AppData\Local\T...}, fedcm:accounts: true, goog:chromeOptions: {debuggerAddress: localhost:58365}, goog:processID: 18640, networkConnectionEnabled: false, pageLoadStrategy: normal, platformName: windows, proxy: Proxy(), se:cdp: ws://localhost:58365/devtoo..., se:cdpVersion: 148.0.7778.96, setWindowRect: true, strictFileInteractability: false, timeouts: {implicit: 0, pageLoad: 300000, script: 30000}, unhandledPromptBehavior: dismiss and notify, webauthn:extension:credBlob: true, webauthn:extension:largeBlob: true, webauthn:extension:minPinLength: true, webauthn:extension:prf: true, webauthn:virtualAuthenticators: true}
Element: [[ChromeDriver: chrome on windows (411738faf1805dae85f2f10dc7faf902)] -> id: submit-login]
Session ID: 411738faf1805dae85f2f10dc7faf902
at java.base/jdk.internal.reflect.DirectConstructorHandleAccessor.newInstance(DirectConstructorHandleAccessor.java:62)
at java.base/java.lang.reflect.Constructor.newInstanceWithCaller(Constructor.java:502)
at java.base/java.lang.reflect.Constructor.newInstance(Constructor.java:486)
at org.openqa.selenium.remote.ErrorCodec.decode(ErrorCodec.java:167)
at org.openqa.selenium.remote.codec.w3c.W3CHttpResponseCodec.decode(W3CHttpResponseCodec.java:138)
at org.openqa.selenium.remote.codec.w3c.W3CHttpResponseCodec.decode(W3CHttpResponseCodec.java:50)
at org.openqa.selenium.remote.HttpCommandExecutor.execute(HttpCommandExecutor.java:190)
at org.openqa.selenium.remote.service.DriverCommandExecutor.invokeExecute(DriverCommandExecutor.java:216)
at org.openqa.selenium.remote.service.DriverCommandExecutor.execute(DriverCommandExecutor.java:174)
at org.openqa.selenium.remote.RemoteWebDriver.execute(RemoteWebDriver.java:545)
at org.openqa.selenium.remote.RemoteWebElement.execute(RemoteWebElement.java:223)
at org.openqa.selenium.remote.RemoteWebElement.click(RemoteWebElement.java:76)
at java.base/jdk.internal.reflect.DirectMethodHandleAccessor.invoke(DirectMethodHandleAccessor.java:103)
at java.base/java.lang.reflect.Method.invoke(Method.java:580)
at org.openqa.selenium.support.pagefactory.internal.LocatingElementHandler.invoke(LocatingElementHandler.java:51)
at jdk.proxy2/jdk.proxy2.$Proxy42.click(Unknown Source)
at pages.LoginPage.clicklogin(LoginPage.java:51)
at steps.LoginSteps.user_clicks_on_login_button(LoginSteps.java:51)
at ✽.user clicks on login button(file:///C:/Users/aj/JAVA_Project/cucumber-testng-project/cucumber-testng/src/test/resources/features/login.feature:10)
]]>
    </failure>
  </testcase> <!-- runScenario -->
  <testcase classname="io.cucumber.testng.AbstractTestNGCucumberTests" name="runScenario" time="424.399">
    <failure type="org.openqa.selenium.ElementClickInterceptedException" message="element click intercepted: Element &amp;lt;button id=&amp;quot;submit-login&amp;quot; name=&amp;quot;submit-login&amp;quot; type=&amp;quot;submit&amp;quot; class=&amp;quot;btn btn-bg btn-primary d-block w-100&amp;quot;&amp;gt;...&amp;lt;/button&amp;gt; is not clickable at point (722, 628). Other element would receive the click: &amp;lt;iframe id=&amp;quot;aswift_7&amp;quot; name=&amp;quot;aswift_7&amp;quot; style=&amp;quot;min-height: auto; max-height: none; min-width: auto; max-width: none; width: 728px !important; height: 90px !important; display: block; margin: 0px auto;&amp;quot; sandbox=&amp;quot;allow-forms allow-popups allow-popups-to-escape-sandbox allow-same-origin allow-scripts allow-top-navigation-by-user-activation&amp;quot; width=&amp;quot;728&amp;quot; height=&amp;quot;90&amp;quot; frameborder=&amp;quot;0&amp;quot; marginwidth=&amp;quot;0&amp;quot; marginheight=&amp;quot;0&amp;quot; vspace=&amp;quot;0&amp;quot; hspace=&amp;quot;0&amp;quot; allowtransparency=&amp;quot;true&amp;quot; scrolling=&amp;quot;no&amp;quot; src=&amp;quot;https://googleads.g.doubleclick.net/pagead/html/r20260512/r20190131/zrt_lookup_fy2021.html#RS-0-&amp;amp;amp;adk=1812271801&amp;amp;amp;client=ca-pub-1056034821646296&amp;amp;amp;fa=1&amp;amp;amp;ifi=8&amp;amp;amp;uci=a!8&amp;amp;amp;btvi=3&amp;quot; data-google-container-id=&amp;quot;a!8&amp;quot; tabindex=&amp;quot;0&amp;quot; title=&amp;quot;Advertisement&amp;quot; aria-label=&amp;quot;Advertisement&amp;quot; data-google-query-id=&amp;quot;CN-oy8XGupQDFSNZnQkd-vgCZw&amp;quot; data-load-complete=&amp;quot;true&amp;quot;&amp;gt;&amp;lt;/iframe&amp;gt;
  (Session info: chrome=148.0.7778.96)
Build info: version: &amp;apos;4.27.0&amp;apos;, revision: &amp;apos;d6e718d134&amp;apos;
System info: os.name: &amp;apos;Windows 10&amp;apos;, os.arch: &amp;apos;amd64&amp;apos;, os.version: &amp;apos;10.0&amp;apos;, java.version: &amp;apos;22.0.2&amp;apos;
Driver info: org.openqa.selenium.chrome.ChromeDriver
Command: [bb7dd5900134abab052b139966c340b7, clickElement {id=f.06CBAB5CF307A304251AC255AB721BBF.d.2EE626AB17C4957019D880C64BB1AB8A.e.6}]
Capabilities {acceptInsecureCerts: false, browserName: chrome, browserVersion: 148.0.7778.96, chrome: {chromedriverVersion: 147.0.7727.117 (474cc805edd..., userDataDir: C:\Users\aj\AppData\Local\T...}, fedcm:accounts: true, goog:chromeOptions: {debuggerAddress: localhost:58451}, goog:processID: 11484, networkConnectionEnabled: false, pageLoadStrategy: normal, platformName: windows, proxy: Proxy(), se:cdp: ws://localhost:58451/devtoo..., se:cdpVersion: 148.0.7778.96, setWindowRect: true, strictFileInteractability: false, timeouts: {implicit: 0, pageLoad: 300000, script: 30000}, unhandledPromptBehavior: dismiss and notify, webauthn:extension:credBlob: true, webauthn:extension:largeBlob: true, webauthn:extension:minPinLength: true, webauthn:extension:prf: true, webauthn:virtualAuthenticators: true}
Element: [[ChromeDriver: chrome on windows (bb7dd5900134abab052b139966c340b7)] -&amp;gt; id: submit-login]
Session ID: bb7dd5900134abab052b139966c340b7">
      <![CDATA[org.openqa.selenium.ElementClickInterceptedException: element click intercepted: Element <button id="submit-login" name="submit-login" type="submit" class="btn btn-bg btn-primary d-block w-100">...</button> is not clickable at point (722, 628). Other element would receive the click: <iframe id="aswift_7" name="aswift_7" style="min-height: auto; max-height: none; min-width: auto; max-width: none; width: 728px !important; height: 90px !important; display: block; margin: 0px auto;" sandbox="allow-forms allow-popups allow-popups-to-escape-sandbox allow-same-origin allow-scripts allow-top-navigation-by-user-activation" width="728" height="90" frameborder="0" marginwidth="0" marginheight="0" vspace="0" hspace="0" allowtransparency="true" scrolling="no" src="https://googleads.g.doubleclick.net/pagead/html/r20260512/r20190131/zrt_lookup_fy2021.html#RS-0-&amp;adk=1812271801&amp;client=ca-pub-1056034821646296&amp;fa=1&amp;ifi=8&amp;uci=a!8&amp;btvi=3" data-google-container-id="a!8" tabindex="0" title="Advertisement" aria-label="Advertisement" data-google-query-id="CN-oy8XGupQDFSNZnQkd-vgCZw" data-load-complete="true"></iframe>
  (Session info: chrome=148.0.7778.96)
Build info: version: '4.27.0', revision: 'd6e718d134'
System info: os.name: 'Windows 10', os.arch: 'amd64', os.version: '10.0', java.version: '22.0.2'
Driver info: org.openqa.selenium.chrome.ChromeDriver
Command: [bb7dd5900134abab052b139966c340b7, clickElement {id=f.06CBAB5CF307A304251AC255AB721BBF.d.2EE626AB17C4957019D880C64BB1AB8A.e.6}]
Capabilities {acceptInsecureCerts: false, browserName: chrome, browserVersion: 148.0.7778.96, chrome: {chromedriverVersion: 147.0.7727.117 (474cc805edd..., userDataDir: C:\Users\aj\AppData\Local\T...}, fedcm:accounts: true, goog:chromeOptions: {debuggerAddress: localhost:58451}, goog:processID: 11484, networkConnectionEnabled: false, pageLoadStrategy: normal, platformName: windows, proxy: Proxy(), se:cdp: ws://localhost:58451/devtoo..., se:cdpVersion: 148.0.7778.96, setWindowRect: true, strictFileInteractability: false, timeouts: {implicit: 0, pageLoad: 300000, script: 30000}, unhandledPromptBehavior: dismiss and notify, webauthn:extension:credBlob: true, webauthn:extension:largeBlob: true, webauthn:extension:minPinLength: true, webauthn:extension:prf: true, webauthn:virtualAuthenticators: true}
Element: [[ChromeDriver: chrome on windows (bb7dd5900134abab052b139966c340b7)] -> id: submit-login]
Session ID: bb7dd5900134abab052b139966c340b7
at java.base/jdk.internal.reflect.DirectConstructorHandleAccessor.newInstance(DirectConstructorHandleAccessor.java:62)
at java.base/java.lang.reflect.Constructor.newInstanceWithCaller(Constructor.java:502)
at java.base/java.lang.reflect.Constructor.newInstance(Constructor.java:486)
at org.openqa.selenium.remote.ErrorCodec.decode(ErrorCodec.java:167)
at org.openqa.selenium.remote.codec.w3c.W3CHttpResponseCodec.decode(W3CHttpResponseCodec.java:138)
at org.openqa.selenium.remote.codec.w3c.W3CHttpResponseCodec.decode(W3CHttpResponseCodec.java:50)
at org.openqa.selenium.remote.HttpCommandExecutor.execute(HttpCommandExecutor.java:190)
at org.openqa.selenium.remote.service.DriverCommandExecutor.invokeExecute(DriverCommandExecutor.java:216)
at org.openqa.selenium.remote.service.DriverCommandExecutor.execute(DriverCommandExecutor.java:174)
at org.openqa.selenium.remote.RemoteWebDriver.execute(RemoteWebDriver.java:545)
at org.openqa.selenium.remote.RemoteWebElement.execute(RemoteWebElement.java:223)
at org.openqa.selenium.remote.RemoteWebElement.click(RemoteWebElement.java:76)
at java.base/jdk.internal.reflect.DirectMethodHandleAccessor.invoke(DirectMethodHandleAccessor.java:103)
at java.base/java.lang.reflect.Method.invoke(Method.java:580)
at org.openqa.selenium.support.pagefactory.internal.LocatingElementHandler.invoke(LocatingElementHandler.java:51)
at jdk.proxy2/jdk.proxy2.$Proxy42.click(Unknown Source)
at pages.LoginPage.clicklogin(LoginPage.java:51)
at steps.LoginSteps.user_clicks_on_login_button(LoginSteps.java:51)
at ✽.user clicks on login button(file:///C:/Users/aj/JAVA_Project/cucumber-testng-project/cucumber-testng/src/test/resources/features/login.feature:10)
]]>
    </failure>
  </testcase> <!-- runScenario -->
</testsuite> <!-- Default test -->
